17:27:30.297 [main] DEBUG com.intuit.karate.Suite - [config] classpath:karate-config.js
17:27:30.923 [pool-1-thread-1] INFO  com.intuit.karate - karate.env system property was: null 
17:27:30.923 [pool-1-thread-2] INFO  com.intuit.karate - karate.env system property was: null 
17:27:31.158 [pool-1-thread-1] DEBUG com.intuit.karate - request:
1 > GET https://jsonplaceholder.typicode.com/users
1 > Host: jsonplaceholder.typicode.com
1 > Connection: Keep-Alive
1 > User-Agent: Apache-HttpClient/4.5.13 (Java/11.0.13)
1 > Accept-Encoding: gzip,deflate


17:27:31.158 [pool-1-thread-2] DEBUG com.intuit.karate - request:
1 > POST https://jsonplaceholder.typicode.com/users
1 > Content-Type: application/json; charset=UTF-8
1 > Content-Length: 160
1 > Host: jsonplaceholder.typicode.com
1 > Connection: Keep-Alive
1 > User-Agent: Apache-HttpClient/4.5.13 (Java/11.0.13)
1 > Accept-Encoding: gzip,deflate
{"name":"Test User","username":"testuser","email":"test@user.com","address":{"street":"Has No Name","suite":"Apt. 123","city":"Electri","zipcode":"54321-6789"}}

17:27:31.345 [pool-1-thread-1] DEBUG com.intuit.karate - response time in milliseconds: 186
1 < 200
1 < Date: Mon, 09 May 2022 20:27:32 GMT
1 < Content-Type: application/json; charset=utf-8
1 < Transfer-Encoding: chunked
1 < Connection: keep-alive
1 < X-Powered-By: Express
1 < X-Ratelimit-Limit: 1000
1 < X-Ratelimit-Remaining: 999
1 < X-Ratelimit-Reset: 1650364329
1 < Vary: Origin, Accept-Encoding
1 < Access-Control-Allow-Credentials: true
1 < Cache-Control: max-age=43200
1 < Pragma: no-cache
1 < Expires: -1
1 < X-Content-Type-Options: nosniff
1 < Etag: W/"160d-1eMSsxeJRfnVLRBmYJSbCiJZ1qQ"
1 < Via: 1.1 vegur
1 < CF-Cache-Status: HIT
1 < Age: 2573
1 < Expect-CT: max-age=604800, report-uri="https://report-uri.cloudflare.com/cdn-cgi/beacon/expect-ct"
1 < Report-To: {"endpoints":[{"url":"https:\/\/a.nel.cloudflare.com\/report\/v3?s=z8wdl%2BoZ9%2FMq8DvLNyraH7qMa%2Ffe5G6ZhwEl9MvtpxKmGYgMKmzU9cLUt1gWFTzkcAC9SGWojUiW%2B%2BTpysBuZYdkTtAB4SBVNefqYWc6sc7BJswtyTKbb81RHK79iiAsFjgfWvX6YIHlIiU%2BXvC9"}],"group":"cf-nel","max_age":604800}
1 < NEL: {"success_fraction":0,"report_to":"cf-nel","max_age":604800}
1 < Server: cloudflare
1 < CF-RAY: 708d2d297a7d51b4-GRU
1 < alt-svc: h3=":443"; ma=86400, h3-29=":443"; ma=86400
[
  {
    "id": 1,
    "name": "Leanne Graham",
    "username": "Bret",
    "email": "Sincere@april.biz",
    "address": {
      "street": "Kulas Light",
      "suite": "Apt. 556",
      "city": "Gwenborough",
      "zipcode": "92998-3874",
      "geo": {
        "lat": "-37.3159",
        "lng": "81.1496"
      }
    },
    "phone": "1-770-736-8031 x56442",
    "website": "hildegard.org",
    "company": {
      "name": "Romaguera-Crona",
      "catchPhrase": "Multi-layered client-server neural-net",
      "bs": "harness real-time e-markets"
    }
  },
  {
    "id": 2,
    "name": "Ervin Howell",
    "username": "Antonette",
    "email": "Shanna@melissa.tv",
    "address": {
      "street": "Victor Plains",
      "suite": "Suite 879",
      "city": "Wisokyburgh",
      "zipcode": "90566-7771",
      "geo": {
        "lat": "-43.9509",
        "lng": "-34.4618"
      }
    },
    "phone": "010-692-6593 x09125",
    "website": "anastasia.net",
    "company": {
      "name": "Deckow-Crist",
      "catchPhrase": "Proactive didactic contingency",
      "bs": "synergize scalable supply-chains"
    }
  },
  {
    "id": 3,
    "name": "Clementine Bauch",
    "username": "Samantha",
    "email": "Nathan@yesenia.net",
    "address": {
      "street": "Douglas Extension",
      "suite": "Suite 847",
      "city": "McKenziehaven",
      "zipcode": "59590-4157",
      "geo": {
        "lat": "-68.6102",
        "lng": "-47.0653"
      }
    },
    "phone": "1-463-123-4447",
    "website": "ramiro.info",
    "company": {
      "name": "Romaguera-Jacobson",
      "catchPhrase": "Face to face bifurcated interface",
      "bs": "e-enable strategic applications"
    }
  },
  {
    "id": 4,
    "name": "Patricia Lebsack",
    "username": "Karianne",
    "email": "Julianne.OConner@kory.org",
    "address": {
      "street": "Hoeger Mall",
      "suite": "Apt. 692",
      "city": "South Elvis",
      "zipcode": "53919-4257",
      "geo": {
        "lat": "29.4572",
        "lng": "-164.2990"
      }
    },
    "phone": "493-170-9623 x156",
    "website": "kale.biz",
    "company": {
      "name": "Robel-Corkery",
      "catchPhrase": "Multi-tiered zero tolerance productivity",
      "bs": "transition cutting-edge web services"
    }
  },
  {
    "id": 5,
    "name": "Chelsey Dietrich",
    "username": "Kamren",
    "email": "Lucio_Hettinger@annie.ca",
    "address": {
      "street": "Skiles Walks",
      "suite": "Suite 351",
      "city": "Roscoeview",
      "zipcode": "33263",
      "geo": {
        "lat": "-31.8129",
        "lng": "62.5342"
      }
    },
    "phone": "(254)954-1289",
    "website": "demarco.info",
    "company": {
      "name": "Keebler LLC",
      "catchPhrase": "User-centric fault-tolerant solution",
      "bs": "revolutionize end-to-end systems"
    }
  },
  {
    "id": 6,
    "name": "Mrs. Dennis Schulist",
    "username": "Leopoldo_Corkery",
    "email": "Karley_Dach@jasper.info",
    "address": {
      "street": "Norberto Crossing",
      "suite": "Apt. 950",
      "city": "South Christy",
      "zipcode": "23505-1337",
      "geo": {
        "lat": "-71.4197",
        "lng": "71.7478"
      }
    },
    "phone": "1-477-935-8478 x6430",
    "website": "ola.org",
    "company": {
      "name": "Considine-Lockman",
      "catchPhrase": "Synchronised bottom-line interface",
      "bs": "e-enable innovative applications"
    }
  },
  {
    "id": 7,
    "name": "Kurtis Weissnat",
    "username": "Elwyn.Skiles",
    "email": "Telly.Hoeger@billy.biz",
    "address": {
      "street": "Rex Trail",
      "suite": "Suite 280",
      "city": "Howemouth",
      "zipcode": "58804-1099",
      "geo": {
        "lat": "24.8918",
        "lng": "21.8984"
      }
    },
    "phone": "210.067.6132",
    "website": "elvis.io",
    "company": {
      "name": "Johns Group",
      "catchPhrase": "Configurable multimedia task-force",
      "bs": "generate enterprise e-tailers"
    }
  },
  {
    "id": 8,
    "name": "Nicholas Runolfsdottir V",
    "username": "Maxime_Nienow",
    "email": "Sherwood@rosamond.me",
    "address": {
      "street": "Ellsworth Summit",
      "suite": "Suite 729",
      "city": "Aliyaview",
      "zipcode": "45169",
      "geo": {
        "lat": "-14.3990",
        "lng": "-120.7677"
      }
    },
    "phone": "586.493.6943 x140",
    "website": "jacynthe.com",
    "company": {
      "name": "Abernathy Group",
      "catchPhrase": "Implemented secondary concept",
      "bs": "e-enable extensible e-tailers"
    }
  },
  {
    "id": 9,
    "name": "Glenna Reichert",
    "username": "Delphine",
    "email": "Chaim_McDermott@dana.io",
    "address": {
      "street": "Dayna Park",
      "suite": "Suite 449",
      "city": "Bartholomebury",
      "zipcode": "76495-3109",
      "geo": {
        "lat": "24.6463",
        "lng": "-168.8889"
      }
    },
    "phone": "(775)976-6794 x41206",
    "website": "conrad.com",
    "company": {
      "name": "Yost and Sons",
      "catchPhrase": "Switchable contextually-based project",
      "bs": "aggregate real-time technologies"
    }
  },
  {
    "id": 10,
    "name": "Clementina DuBuque",
    "username": "Moriah.Stanton",
    "email": "Rey.Padberg@karina.biz",
    "address": {
      "street": "Kattie Turnpike",
      "suite": "Suite 198",
      "city": "Lebsackbury",
      "zipcode": "31428-2261",
      "geo": {
        "lat": "-38.2386",
        "lng": "57.2232"
      }
    },
    "phone": "024-648-3804",
    "website": "ambrose.net",
    "company": {
      "name": "Hoeger LLC",
      "catchPhrase": "Centralized empowering task-force",
      "bs": "target end-to-end models"
    }
  }
]
17:27:31.357 [pool-1-thread-1] DEBUG com.intuit.karate - request:
2 > GET https://jsonplaceholder.typicode.com/users/1
2 > Host: jsonplaceholder.typicode.com
2 > Connection: Keep-Alive
2 > User-Agent: Apache-HttpClient/4.5.13 (Java/11.0.13)
2 > Accept-Encoding: gzip,deflate


17:27:31.434 [pool-1-thread-1] DEBUG com.intuit.karate - response time in milliseconds: 77
2 < 200
2 < Date: Mon, 09 May 2022 20:27:32 GMT
2 < Content-Type: application/json; charset=utf-8
2 < Transfer-Encoding: chunked
2 < Connection: keep-alive
2 < X-Powered-By: Express
2 < X-Ratelimit-Limit: 1000
2 < X-Ratelimit-Remaining: 999
2 < X-Ratelimit-Reset: 1650834726
2 < Vary: Origin, Accept-Encoding
2 < Access-Control-Allow-Credentials: true
2 < Cache-Control: max-age=43200
2 < Pragma: no-cache
2 < Expires: -1
2 < X-Content-Type-Options: nosniff
2 < Etag: W/"1fd-+2Y3G3w049iSZtw5t1mzSnunngE"
2 < Via: 1.1 vegur
2 < CF-Cache-Status: HIT
2 < Age: 2487
2 < Expect-CT: max-age=604800, report-uri="https://report-uri.cloudflare.com/cdn-cgi/beacon/expect-ct"
2 < Report-To: {"endpoints":[{"url":"https:\/\/a.nel.cloudflare.com\/report\/v3?s=qylpIND5svrxuar9oVwoMPzM290PGlljp4Kh92Ggz%2Fdd8gbs8Y0bYPz7Yp4mCq6Wr6iUSYjyG1OpDF0muTg%2FEHMApcgz8ambYmyJ5gnWiVbOxCY0q9lLoGAVM4ESdxlgakyFsTncDK63vGemRvX8"}],"group":"cf-nel","max_age":604800}
2 < NEL: {"success_fraction":0,"report_to":"cf-nel","max_age":604800}
2 < Server: cloudflare
2 < CF-RAY: 708d2d2a0f26a511-GRU
2 < alt-svc: h3=":443"; ma=86400, h3-29=":443"; ma=86400
{
  "id": 1,
  "name": "Leanne Graham",
  "username": "Bret",
  "email": "Sincere@april.biz",
  "address": {
    "street": "Kulas Light",
    "suite": "Apt. 556",
    "city": "Gwenborough",
    "zipcode": "92998-3874",
    "geo": {
      "lat": "-37.3159",
      "lng": "81.1496"
    }
  },
  "phone": "1-770-736-8031 x56442",
  "website": "hildegard.org",
  "company": {
    "name": "Romaguera-Crona",
    "catchPhrase": "Multi-layered client-server neural-net",
    "bs": "harness real-time e-markets"
  }
}
17:27:31.645 [pool-1-thread-2] DEBUG com.intuit.karate - response time in milliseconds: 478
1 < 201
1 < Date: Mon, 09 May 2022 20:27:33 GMT
1 < Content-Type: application/json; charset=utf-8
1 < Content-Length: 216
1 < Connection: keep-alive
1 < X-Powered-By: Express
1 < X-Ratelimit-Limit: 1000
1 < X-Ratelimit-Remaining: 999
1 < X-Ratelimit-Reset: 1652128080
1 < Vary: Origin, X-HTTP-Method-Override, Accept-Encoding
1 < Access-Control-Allow-Credentials: true
1 < Cache-Control: no-cache
1 < Pragma: no-cache
1 < Expires: -1
1 < Access-Control-Expose-Headers: Location
1 < Location: http://jsonplaceholder.typicode.com/users/11
1 < X-Content-Type-Options: nosniff
1 < Etag: W/"d8-pYV7+YuMGP2hxHPU9ARrf97ifDA"
1 < Via: 1.1 vegur
1 < CF-Cache-Status: DYNAMIC
1 < Expect-CT: max-age=604800, report-uri="https://report-uri.cloudflare.com/cdn-cgi/beacon/expect-ct"
1 < Report-To: {"endpoints":[{"url":"https:\/\/a.nel.cloudflare.com\/report\/v3?s=xPjV1kKDFYRSDkH4xG%2B%2BmzA1SpDPjjFWuiMxDaC%2Bbp%2F9elnmArd9r%2BFKWNDF30PwgOYaQSo5lwATpPjzg57%2BZtZ4g0a9Z4srgYA6dgX%2B9gZWGJU%2Fbzflro5k1XuslzSXS1YkHeDLHBpgxjxwGZDW"}],"group":"cf-nel","max_age":604800}
1 < NEL: {"success_fraction":0,"report_to":"cf-nel","max_age":604800}
1 < Server: cloudflare
1 < CF-RAY: 708d2d297dbba4b4-GRU
1 < alt-svc: h3=":443"; ma=86400, h3-29=":443"; ma=86400
{
  "name": "Test User",
  "username": "testuser",
  "email": "test@user.com",
  "address": {
    "street": "Has No Name",
    "suite": "Apt. 123",
    "city": "Electri",
    "zipcode": "54321-6789"
  },
  "id": 11
}
17:27:31.649 [pool-1-thread-2] INFO  com.intuit.karate - [print] created id is:  11 
17:27:32.002 [pool-2-thread-1] INFO  com.intuit.karate.Suite - <<pass>> feature 1 of 1 (0 remaining) classpath:examples/users/users.feature
17:29:38.875 [main] DEBUG com.intuit.karate.Suite - [config] classpath:karate-config.js
17:29:38.879 [main] INFO  com.intuit.karate.Suite - backed up existing 'target\karate-reports' dir to: target\karate-reports_1652128178878
17:29:39.492 [pool-1-thread-2] INFO  com.intuit.karate - karate.env system property was: null 
17:29:39.492 [pool-1-thread-1] INFO  com.intuit.karate - karate.env system property was: null 
17:29:39.736 [pool-1-thread-1] DEBUG com.intuit.karate - request:
1 > GET https://jsonplaceholder.typicode.com/users
1 > Host: jsonplaceholder.typicode.com
1 > Connection: Keep-Alive
1 > User-Agent: Apache-HttpClient/4.5.13 (Java/11.0.13)
1 > Accept-Encoding: gzip,deflate


17:29:39.736 [pool-1-thread-2] DEBUG com.intuit.karate - request:
1 > POST https://jsonplaceholder.typicode.com/users
1 > Content-Type: application/json; charset=UTF-8
1 > Content-Length: 160
1 > Host: jsonplaceholder.typicode.com
1 > Connection: Keep-Alive
1 > User-Agent: Apache-HttpClient/4.5.13 (Java/11.0.13)
1 > Accept-Encoding: gzip,deflate
{"name":"Test User","username":"testuser","email":"test@user.com","address":{"street":"Has No Name","suite":"Apt. 123","city":"Electri","zipcode":"54321-6789"}}

17:29:39.886 [pool-1-thread-1] DEBUG com.intuit.karate - response time in milliseconds: 148
1 < 200
1 < Date: Mon, 09 May 2022 20:29:41 GMT
1 < Content-Type: application/json; charset=utf-8
1 < Transfer-Encoding: chunked
1 < Connection: keep-alive
1 < X-Powered-By: Express
1 < X-Ratelimit-Limit: 1000
1 < X-Ratelimit-Remaining: 999
1 < X-Ratelimit-Reset: 1651180346
1 < Vary: Origin, Accept-Encoding
1 < Access-Control-Allow-Credentials: true
1 < Cache-Control: max-age=43200
1 < Pragma: no-cache
1 < Expires: -1
1 < X-Content-Type-Options: nosniff
1 < Etag: W/"160d-1eMSsxeJRfnVLRBmYJSbCiJZ1qQ"
1 < Via: 1.1 vegur
1 < CF-Cache-Status: HIT
1 < Age: 18902
1 < Expect-CT: max-age=604800, report-uri="https://report-uri.cloudflare.com/cdn-cgi/beacon/expect-ct"
1 < Report-To: {"endpoints":[{"url":"https:\/\/a.nel.cloudflare.com\/report\/v3?s=luu8vIlD87MvbWSlwyFY27cvBOKOoxdiXyXdYXO6O9lUyrzcbKLdU3g3NoyOMKPnbWwKSPAsS06nuOUqG1BJCnqZbEZJN%2FswLFNcSrCGvJ%2FLHNwAx8VQyXmnS1%2F86bkWUaZg%2BEbQHvy33iA%2FFNUy"}],"group":"cf-nel","max_age":604800}
1 < NEL: {"success_fraction":0,"report_to":"cf-nel","max_age":604800}
1 < Server: cloudflare
1 < CF-RAY: 708d304cec39a61c-GRU
1 < alt-svc: h3=":443"; ma=86400, h3-29=":443"; ma=86400
[
  {
    "id": 1,
    "name": "Leanne Graham",
    "username": "Bret",
    "email": "Sincere@april.biz",
    "address": {
      "street": "Kulas Light",
      "suite": "Apt. 556",
      "city": "Gwenborough",
      "zipcode": "92998-3874",
      "geo": {
        "lat": "-37.3159",
        "lng": "81.1496"
      }
    },
    "phone": "1-770-736-8031 x56442",
    "website": "hildegard.org",
    "company": {
      "name": "Romaguera-Crona",
      "catchPhrase": "Multi-layered client-server neural-net",
      "bs": "harness real-time e-markets"
    }
  },
  {
    "id": 2,
    "name": "Ervin Howell",
    "username": "Antonette",
    "email": "Shanna@melissa.tv",
    "address": {
      "street": "Victor Plains",
      "suite": "Suite 879",
      "city": "Wisokyburgh",
      "zipcode": "90566-7771",
      "geo": {
        "lat": "-43.9509",
        "lng": "-34.4618"
      }
    },
    "phone": "010-692-6593 x09125",
    "website": "anastasia.net",
    "company": {
      "name": "Deckow-Crist",
      "catchPhrase": "Proactive didactic contingency",
      "bs": "synergize scalable supply-chains"
    }
  },
  {
    "id": 3,
    "name": "Clementine Bauch",
    "username": "Samantha",
    "email": "Nathan@yesenia.net",
    "address": {
      "street": "Douglas Extension",
      "suite": "Suite 847",
      "city": "McKenziehaven",
      "zipcode": "59590-4157",
      "geo": {
        "lat": "-68.6102",
        "lng": "-47.0653"
      }
    },
    "phone": "1-463-123-4447",
    "website": "ramiro.info",
    "company": {
      "name": "Romaguera-Jacobson",
      "catchPhrase": "Face to face bifurcated interface",
      "bs": "e-enable strategic applications"
    }
  },
  {
    "id": 4,
    "name": "Patricia Lebsack",
    "username": "Karianne",
    "email": "Julianne.OConner@kory.org",
    "address": {
      "street": "Hoeger Mall",
      "suite": "Apt. 692",
      "city": "South Elvis",
      "zipcode": "53919-4257",
      "geo": {
        "lat": "29.4572",
        "lng": "-164.2990"
      }
    },
    "phone": "493-170-9623 x156",
    "website": "kale.biz",
    "company": {
      "name": "Robel-Corkery",
      "catchPhrase": "Multi-tiered zero tolerance productivity",
      "bs": "transition cutting-edge web services"
    }
  },
  {
    "id": 5,
    "name": "Chelsey Dietrich",
    "username": "Kamren",
    "email": "Lucio_Hettinger@annie.ca",
    "address": {
      "street": "Skiles Walks",
      "suite": "Suite 351",
      "city": "Roscoeview",
      "zipcode": "33263",
      "geo": {
        "lat": "-31.8129",
        "lng": "62.5342"
      }
    },
    "phone": "(254)954-1289",
    "website": "demarco.info",
    "company": {
      "name": "Keebler LLC",
      "catchPhrase": "User-centric fault-tolerant solution",
      "bs": "revolutionize end-to-end systems"
    }
  },
  {
    "id": 6,
    "name": "Mrs. Dennis Schulist",
    "username": "Leopoldo_Corkery",
    "email": "Karley_Dach@jasper.info",
    "address": {
      "street": "Norberto Crossing",
      "suite": "Apt. 950",
      "city": "South Christy",
      "zipcode": "23505-1337",
      "geo": {
        "lat": "-71.4197",
        "lng": "71.7478"
      }
    },
    "phone": "1-477-935-8478 x6430",
    "website": "ola.org",
    "company": {
      "name": "Considine-Lockman",
      "catchPhrase": "Synchronised bottom-line interface",
      "bs": "e-enable innovative applications"
    }
  },
  {
    "id": 7,
    "name": "Kurtis Weissnat",
    "username": "Elwyn.Skiles",
    "email": "Telly.Hoeger@billy.biz",
    "address": {
      "street": "Rex Trail",
      "suite": "Suite 280",
      "city": "Howemouth",
      "zipcode": "58804-1099",
      "geo": {
        "lat": "24.8918",
        "lng": "21.8984"
      }
    },
    "phone": "210.067.6132",
    "website": "elvis.io",
    "company": {
      "name": "Johns Group",
      "catchPhrase": "Configurable multimedia task-force",
      "bs": "generate enterprise e-tailers"
    }
  },
  {
    "id": 8,
    "name": "Nicholas Runolfsdottir V",
    "username": "Maxime_Nienow",
    "email": "Sherwood@rosamond.me",
    "address": {
      "street": "Ellsworth Summit",
      "suite": "Suite 729",
      "city": "Aliyaview",
      "zipcode": "45169",
      "geo": {
        "lat": "-14.3990",
        "lng": "-120.7677"
      }
    },
    "phone": "586.493.6943 x140",
    "website": "jacynthe.com",
    "company": {
      "name": "Abernathy Group",
      "catchPhrase": "Implemented secondary concept",
      "bs": "e-enable extensible e-tailers"
    }
  },
  {
    "id": 9,
    "name": "Glenna Reichert",
    "username": "Delphine",
    "email": "Chaim_McDermott@dana.io",
    "address": {
      "street": "Dayna Park",
      "suite": "Suite 449",
      "city": "Bartholomebury",
      "zipcode": "76495-3109",
      "geo": {
        "lat": "24.6463",
        "lng": "-168.8889"
      }
    },
    "phone": "(775)976-6794 x41206",
    "website": "conrad.com",
    "company": {
      "name": "Yost and Sons",
      "catchPhrase": "Switchable contextually-based project",
      "bs": "aggregate real-time technologies"
    }
  },
  {
    "id": 10,
    "name": "Clementina DuBuque",
    "username": "Moriah.Stanton",
    "email": "Rey.Padberg@karina.biz",
    "address": {
      "street": "Kattie Turnpike",
      "suite": "Suite 198",
      "city": "Lebsackbury",
      "zipcode": "31428-2261",
      "geo": {
        "lat": "-38.2386",
        "lng": "57.2232"
      }
    },
    "phone": "024-648-3804",
    "website": "ambrose.net",
    "company": {
      "name": "Hoeger LLC",
      "catchPhrase": "Centralized empowering task-force",
      "bs": "target end-to-end models"
    }
  }
]
17:29:39.896 [pool-1-thread-1] DEBUG com.intuit.karate - request:
2 > GET https://jsonplaceholder.typicode.com/users/1
2 > Host: jsonplaceholder.typicode.com
2 > Connection: Keep-Alive
2 > User-Agent: Apache-HttpClient/4.5.13 (Java/11.0.13)
2 > Accept-Encoding: gzip,deflate


17:29:40.160 [pool-1-thread-2] DEBUG com.intuit.karate - response time in milliseconds: 423
1 < 201
1 < Date: Mon, 09 May 2022 20:29:41 GMT
1 < Content-Type: application/json; charset=utf-8
1 < Content-Length: 216
1 < Connection: keep-alive
1 < X-Powered-By: Express
1 < X-Ratelimit-Limit: 1000
1 < X-Ratelimit-Remaining: 999
1 < X-Ratelimit-Reset: 1652128200
1 < Vary: Origin, X-HTTP-Method-Override, Accept-Encoding
1 < Access-Control-Allow-Credentials: true
1 < Cache-Control: no-cache
1 < Pragma: no-cache
1 < Expires: -1
1 < Access-Control-Expose-Headers: Location
1 < Location: http://jsonplaceholder.typicode.com/users/11
1 < X-Content-Type-Options: nosniff
1 < Etag: W/"d8-pYV7+YuMGP2hxHPU9ARrf97ifDA"
1 < Via: 1.1 vegur
1 < CF-Cache-Status: DYNAMIC
1 < Expect-CT: max-age=604800, report-uri="https://report-uri.cloudflare.com/cdn-cgi/beacon/expect-ct"
1 < Report-To: {"endpoints":[{"url":"https:\/\/a.nel.cloudflare.com\/report\/v3?s=ouKBqgOQkvuLzYk5nybKiWvAHUPnCGuRtvKW5dKqDtBPOlMK6VNVRoQLDsA7%2FqtVC7%2BnqV%2FAFnOPUkapHbhHcTOWHi0sJGqxlPnouCu6ho%2BvYzj3lR5H3hbkdQzv2jmn6KwTq0SxlFAL0jt1m0Dk"}],"group":"cf-nel","max_age":604800}
1 < NEL: {"success_fraction":0,"report_to":"cf-nel","max_age":604800}
1 < Server: cloudflare
1 < CF-RAY: 708d304ce8efa660-GRU
1 < alt-svc: h3=":443"; ma=86400, h3-29=":443"; ma=86400
{
  "name": "Test User",
  "username": "testuser",
  "email": "test@user.com",
  "address": {
    "street": "Has No Name",
    "suite": "Apt. 123",
    "city": "Electri",
    "zipcode": "54321-6789"
  },
  "id": 11
}
17:29:40.162 [pool-1-thread-2] INFO  com.intuit.karate - [print] created id is:  11 
17:29:40.198 [pool-1-thread-1] DEBUG com.intuit.karate - response time in milliseconds: 300
2 < 200
2 < Date: Mon, 09 May 2022 20:29:41 GMT
2 < Content-Type: application/json; charset=utf-8
2 < Transfer-Encoding: chunked
2 < Connection: keep-alive
2 < X-Powered-By: Express
2 < X-Ratelimit-Limit: 1000
2 < X-Ratelimit-Remaining: 983
2 < X-Ratelimit-Reset: 1647968494
2 < Vary: Origin, Accept-Encoding
2 < Access-Control-Allow-Credentials: true
2 < Cache-Control: max-age=43200
2 < Pragma: no-cache
2 < Expires: -1
2 < X-Content-Type-Options: nosniff
2 < Etag: W/"1fd-+2Y3G3w049iSZtw5t1mzSnunngE"
2 < Via: 1.1 vegur
2 < CF-Cache-Status: REVALIDATED
2 < Expect-CT: max-age=604800, report-uri="https://report-uri.cloudflare.com/cdn-cgi/beacon/expect-ct"
2 < Report-To: {"endpoints":[{"url":"https:\/\/a.nel.cloudflare.com\/report\/v3?s=MA9Gs3Cgu3CdzMeMkWc7CgCSsuNLK3hpW9B85rh19z29QPKsTWySZEkw5CYJKdAB6l5lKylwB3YIU0DtVkcJ4ZpczOS9gXQ6X4PN1lZEXWry6YDbqgjp1mBdllDBI5QxYwKg9dpumMOz0fDKYkTK"}],"group":"cf-nel","max_age":604800}
2 < NEL: {"success_fraction":0,"report_to":"cf-nel","max_age":604800}
2 < Server: cloudflare
2 < CF-RAY: 708d304d492151bf-GRU
2 < alt-svc: h3=":443"; ma=86400, h3-29=":443"; ma=86400
{
  "id": 1,
  "name": "Leanne Graham",
  "username": "Bret",
  "email": "Sincere@april.biz",
  "address": {
    "street": "Kulas Light",
    "suite": "Apt. 556",
    "city": "Gwenborough",
    "zipcode": "92998-3874",
    "geo": {
      "lat": "-37.3159",
      "lng": "81.1496"
    }
  },
  "phone": "1-770-736-8031 x56442",
  "website": "hildegard.org",
  "company": {
    "name": "Romaguera-Crona",
    "catchPhrase": "Multi-layered client-server neural-net",
    "bs": "harness real-time e-markets"
  }
}
17:29:40.523 [pool-2-thread-1] INFO  com.intuit.karate.Suite - <<pass>> feature 1 of 1 (0 remaining) classpath:examples/users/users.feature
17:46:18.508 [main] DEBUG com.intuit.karate.Suite - [config] classpath:karate-config.js
17:46:19.082 [main] INFO  com.intuit.karate - karate.env system property was: null 
17:46:19.311 [main] DEBUG com.intuit.karate - request:
1 > GET https://swapi.dev/api/people/1/
1 > Host: swapi.dev
1 > Connection: Keep-Alive
1 > User-Agent: Apache-HttpClient/4.5.13 (Java/11.0.13)
1 > Accept-Encoding: gzip,deflate


17:46:21.242 [main] DEBUG com.intuit.karate - response time in milliseconds: 1930
1 < 200
1 < Server: nginx/1.16.1
1 < Date: Mon, 09 May 2022 20:46:22 GMT
1 < Content-Type: application/json
1 < Transfer-Encoding: chunked
1 < Connection: keep-alive
1 < Vary: Accept, Cookie
1 < X-Frame-Options: SAMEORIGIN
1 < ETag: "ee398610435c328f4d0a4e1b0d2f7bbc"
1 < Allow: GET, HEAD, OPTIONS
1 < Strict-Transport-Security: max-age=15768000
{"name":"Luke Skywalker","height":"172","mass":"77","hair_color":"blond","skin_color":"fair","eye_color":"blue","birth_year":"19BBY","gender":"male","homeworld":"https://swapi.dev/api/planets/1/","films":["https://swapi.dev/api/films/1/","https://swapi.dev/api/films/2/","https://swapi.dev/api/films/3/","https://swapi.dev/api/films/6/"],"species":[],"vehicles":["https://swapi.dev/api/vehicles/14/","https://swapi.dev/api/vehicles/30/"],"starships":["https://swapi.dev/api/starships/12/","https://swapi.dev/api/starships/22/"],"created":"2014-12-09T13:50:51.644000Z","edited":"2014-12-20T21:17:56.891000Z","url":"https://swapi.dev/api/people/1/"}
17:46:21.268 [main] INFO  com.intuit.karate - karate.env system property was: null 
17:46:21.271 [main] DEBUG com.intuit.karate - request:
1 > GET https://swapi.dev/api/people/1/123
1 > Host: swapi.dev
1 > Connection: Keep-Alive
1 > User-Agent: Apache-HttpClient/4.5.13 (Java/11.0.13)
1 > Accept-Encoding: gzip,deflate


17:46:22.603 [main] DEBUG com.intuit.karate - response time in milliseconds: 1332
1 < 404
1 < Server: nginx/1.16.1
1 < Date: Mon, 09 May 2022 20:46:23 GMT
1 < Content-Type: text/html
1 < Transfer-Encoding: chunked
1 < Connection: keep-alive
1 < X-Frame-Options: SAMEORIGIN
1 < ETag: "e2ebb0be285ccf4dd6096ce9b830061c"

<!DOCTYPE html>
<html lang="en">
<head>
  <meta http-equiv="content-type" content="text/html; charset=utf-8">
  <title>Page not found at /api/people/1/123/</title>
  <meta name="robots" content="NONE,NOARCHIVE">
  <style type="text/css">
    html * { padding:0; margin:0; }
    body * { padding:10px 20px; }
    body * * { padding:0; }
    body { font:small sans-serif; background:#eee; }
    body>div { border-bottom:1px solid #ddd; }
    h1 { font-weight:normal; margin-bottom:.4em; }
    h1 span { font-size:60%; color:#666; font-weight:normal; }
    table { border:none; border-collapse: collapse; width:100%; }
    td, th { vertical-align:top; padding:2px 3px; }
    th { width:12em; text-align:right; color:#666; padding-right:.5em; }
    #info { background:#f6f6f6; }
    #info ol { margin: 0.5em 4em; }
    #info ol li { font-family: monospace; }
    #summary { background: #ffc; }
    #explanation { background:#eee; border-bottom: 0px none; }
  </style>
</head>
<body>
  <div id="summary">
    <h1>Page not found <span>(404)</span></h1>
    <table class="meta">
      <tr>
        <th>Request Method:</th>
        <td>GET</td>
      </tr>
      <tr>
        <th>Request URL:</th>
      <td>https://swapi.dev/api/people/1/123/</td>
      </tr>
    </table>
  </div>
  <div id="info">
    
      <p>
      Using the URLconf defined in <code>swapi.urls</code>,
      Django tried these URL patterns, in this order:
      </p>
      <ol>
        
          <li>
            
                ^admin/
                
            
          </li>
        
          <li>
            
                ^$
                
            
          </li>
        
          <li>
            
                ^documentation$
                
            
          </li>
        
          <li>
            
                ^about$
                
            
          </li>
        
          <li>
            
                ^stats$
                
            
          </li>
        
          <li>
            
                ^stripe/donation
                
            
          </li>
        
          <li>
            
                ^api/people/schema$
                
            
          </li>
        
          <li>
            
                ^api/planets/schema$
                
            
          </li>
        
          <li>
            
                ^api/films/schema$
                
            
          </li>
        
          <li>
            
                ^api/species/schema$
                
            
          </li>
        
          <li>
            
                ^api/vehicles/schema$
                
            
          </li>
        
          <li>
            
                ^api/starships/schema$
                
            
          </li>
        
          <li>
            
                ^api/
                
            
                ^$
                [name='api-root']
            
          </li>
        
          <li>
            
                ^api/
                
            
                ^\.(?P&lt;format&gt;[a-z0-9]+)$
                [name='api-root']
            
          </li>
        
          <li>
            
                ^api/
                
            
                ^people/$
                [name='people-list']
            
          </li>
        
          <li>
            
                ^api/
                
            
                ^people/\.(?P&lt;format&gt;[a-z0-9]+)$
                [name='people-list']
            
          </li>
        
          <li>
            
                ^api/
                
            
                ^people/(?P&lt;pk&gt;[^/.]+)/$
                [name='people-detail']
            
          </li>
        
          <li>
            
                ^api/
                
            
                ^people/(?P&lt;pk&gt;[^/.]+)/\.(?P&lt;format&gt;[a-z0-9]+)$
                [name='people-detail']
            
          </li>
        
          <li>
            
                ^api/
                
            
                ^planets/$
                [name='planet-list']
            
          </li>
        
          <li>
            
                ^api/
                
            
                ^planets/\.(?P&lt;format&gt;[a-z0-9]+)$
                [name='planet-list']
            
          </li>
        
          <li>
            
                ^api/
                
            
                ^planets/(?P&lt;pk&gt;[^/.]+)/$
                [name='planet-detail']
            
          </li>
        
          <li>
            
                ^api/
                
            
                ^planets/(?P&lt;pk&gt;[^/.]+)/\.(?P&lt;format&gt;[a-z0-9]+)$
                [name='planet-detail']
            
          </li>
        
          <li>
            
                ^api/
                
            
                ^films/$
                [name='film-list']
            
          </li>
        
          <li>
            
                ^api/
                
            
                ^films/\.(?P&lt;format&gt;[a-z0-9]+)$
                [name='film-list']
            
          </li>
        
          <li>
            
                ^api/
                
            
                ^films/(?P&lt;pk&gt;[^/.]+)/$
                [name='film-detail']
            
          </li>
        
          <li>
            
                ^api/
                
            
                ^films/(?P&lt;pk&gt;[^/.]+)/\.(?P&lt;format&gt;[a-z0-9]+)$
                [name='film-detail']
            
          </li>
        
          <li>
            
                ^api/
                
            
                ^species/$
                [name='species-list']
            
          </li>
        
          <li>
            
                ^api/
                
            
                ^species/\.(?P&lt;format&gt;[a-z0-9]+)$
                [name='species-list']
            
          </li>
        
          <li>
            
                ^api/
                
            
                ^species/(?P&lt;pk&gt;[^/.]+)/$
                [name='species-detail']
            
          </li>
        
          <li>
            
                ^api/
                
            
                ^species/(?P&lt;pk&gt;[^/.]+)/\.(?P&lt;format&gt;[a-z0-9]+)$
                [name='species-detail']
            
          </li>
        
          <li>
            
                ^api/
                
            
                ^vehicles/$
                [name='vehicle-list']
            
          </li>
        
          <li>
            
                ^api/
                
            
                ^vehicles/\.(?P&lt;format&gt;[a-z0-9]+)$
                [name='vehicle-list']
            
          </li>
        
          <li>
            
                ^api/
                
            
                ^vehicles/(?P&lt;pk&gt;[^/.]+)/$
                [name='vehicle-detail']
            
          </li>
        
          <li>
            
                ^api/
                
            
                ^vehicles/(?P&lt;pk&gt;[^/.]+)/\.(?P&lt;format&gt;[a-z0-9]+)$
                [name='vehicle-detail']
            
          </li>
        
          <li>
            
                ^api/
                
            
                ^starships/$
                [name='starship-list']
            
          </li>
        
          <li>
            
                ^api/
                
            
                ^starships/\.(?P&lt;format&gt;[a-z0-9]+)$
                [name='starship-list']
            
          </li>
        
          <li>
            
                ^api/
                
            
                ^starships/(?P&lt;pk&gt;[^/.]+)/$
                [name='starship-detail']
            
          </li>
        
          <li>
            
                ^api/
                
            
                ^starships/(?P&lt;pk&gt;[^/.]+)/\.(?P&lt;format&gt;[a-z0-9]+)$
                [name='starship-detail']
            
          </li>
        
      </ol>
      <p>The current URL, <code>api/people/1/123/</code>, didn't match any of these.</p>
    
  </div>

  <div id="explanation">
    <p>
      You're seeing this error because you have <code>DEBUG = True</code> in
      your Django settings file. Change that to <code>False</code>, and Django
      will display a standard 404 page.
    </p>
  </div>
</body>
</html>

17:46:22.609 [main] INFO  com.intuit.karate - karate.env system property was: null 
17:46:22.611 [main] DEBUG com.intuit.karate - request:
1 > GET https://swapi.dev/api/people/1/
1 > Host: swapi.dev
1 > Connection: Keep-Alive
1 > User-Agent: Apache-HttpClient/4.5.13 (Java/11.0.13)
1 > Accept-Encoding: gzip,deflate


17:46:25.401 [main] DEBUG com.intuit.karate - response time in milliseconds: 2790
1 < 200
1 < Server: nginx/1.16.1
1 < Date: Mon, 09 May 2022 20:46:26 GMT
1 < Content-Type: application/json
1 < Transfer-Encoding: chunked
1 < Connection: keep-alive
1 < Vary: Accept, Cookie
1 < X-Frame-Options: SAMEORIGIN
1 < ETag: "ee398610435c328f4d0a4e1b0d2f7bbc"
1 < Allow: GET, HEAD, OPTIONS
1 < Strict-Transport-Security: max-age=15768000
{"name":"Luke Skywalker","height":"172","mass":"77","hair_color":"blond","skin_color":"fair","eye_color":"blue","birth_year":"19BBY","gender":"male","homeworld":"https://swapi.dev/api/planets/1/","films":["https://swapi.dev/api/films/1/","https://swapi.dev/api/films/2/","https://swapi.dev/api/films/3/","https://swapi.dev/api/films/6/"],"species":[],"vehicles":["https://swapi.dev/api/vehicles/14/","https://swapi.dev/api/vehicles/30/"],"starships":["https://swapi.dev/api/starships/12/","https://swapi.dev/api/starships/22/"],"created":"2014-12-09T13:50:51.644000Z","edited":"2014-12-20T21:17:56.891000Z","url":"https://swapi.dev/api/people/1/"}
17:46:25.421 [main] INFO  com.intuit.karate - karate.env system property was: null 
17:46:25.424 [main] DEBUG com.intuit.karate - request:
1 > GET https://swapi.dev/api/planets/7
1 > Host: swapi.dev
1 > Connection: Keep-Alive
1 > User-Agent: Apache-HttpClient/4.5.13 (Java/11.0.13)
1 > Accept-Encoding: gzip,deflate


17:46:26.742 [main] DEBUG com.intuit.karate - response time in milliseconds: 1318
1 < 200
1 < Server: nginx/1.16.1
1 < Date: Mon, 09 May 2022 20:46:28 GMT
1 < Content-Type: application/json
1 < Transfer-Encoding: chunked
1 < Connection: keep-alive
1 < Vary: Accept, Cookie
1 < X-Frame-Options: SAMEORIGIN
1 < ETag: "d18d92c6df62d7aecb6f1e3abc998038"
1 < Allow: GET, HEAD, OPTIONS
1 < Strict-Transport-Security: max-age=15768000
{"name":"Endor","rotation_period":"18","orbital_period":"402","diameter":"4900","climate":"temperate","gravity":"0.85 standard","terrain":"forests, mountains, lakes","surface_water":"8","population":"30000000","residents":["https://swapi.dev/api/people/30/"],"films":["https://swapi.dev/api/films/3/"],"created":"2014-12-10T11:50:29.349000Z","edited":"2014-12-20T20:58:18.429000Z","url":"https://swapi.dev/api/planets/7/"}
17:46:26.749 [main] INFO  com.intuit.karate - karate.env system property was: null 
17:46:26.751 [main] DEBUG com.intuit.karate - request:
1 > GET https://swapi.dev/api/starships/9
1 > Host: swapi.dev
1 > Connection: Keep-Alive
1 > User-Agent: Apache-HttpClient/4.5.13 (Java/11.0.13)
1 > Accept-Encoding: gzip,deflate


17:46:57.421 [main] ERROR com.intuit.karate - java.net.SocketTimeoutException: Read timed out, http call failed after 30670 milliseconds for url: https://swapi.dev/api/starships/9
17:46:57.422 [main] ERROR com.intuit.karate - classpath:examples/starwars/starwars.feature:41
And method get
http call failed after 30670 milliseconds for url: https://swapi.dev/api/starships/9
classpath:examples/starwars/starwars.feature:41
